\BOOKMARK [1][-]{section.1}{\376\377\133\236\232\214\166\356\166\204}{}% 1
\BOOKMARK [1][-]{section.2}{\376\377\133\236\232\214\136\163\123\360\116\016\163\257\130\203}{}% 2
\BOOKMARK [1][-]{section.3}{\376\377\172\013\136\217\220\073\217\221\155\101\172\013}{}% 3
\BOOKMARK [2][-]{subsection.3.1}{\376\377\176\337\116\000\217\320\210\114\121\145\123\343\116\016\000\040\000O\000p\000e\000n\000M\000P\000\040\142\147\210\114\155\101\172\013}{section.3}% 4
\BOOKMARK [2][-]{subsection.3.2}{\376\377\155\113\213\325\203\003\126\364}{section.3}% 5
\BOOKMARK [1][-]{section.4}{\376\377\150\070\137\303\133\236\163\260\116\016\121\163\225\056\116\343\170\001}{}% 6
\BOOKMARK [2][-]{subsection.4.1}{\376\377\176\337\116\000\167\351\226\065\213\241\173\227\123\117\213\256}{section.4}% 7
\BOOKMARK [2][-]{subsection.4.2}{\376\377\000O\000p\000e\000n\000M\000P\000\040\162\110\147\054\377\032\136\166\210\114\131\026\134\102\210\114\137\252\163\257}{section.4}% 8
\BOOKMARK [2][-]{subsection.4.3}{\376\377\000p\000a\000r\000a\000l\000l\000e\000l\000\137\000f\000o\000r\000\040\122\250\140\001\136\223\377\032\116\373\122\241\122\006\211\343\116\016\142\147\210\114}{section.4}% 9
\BOOKMARK [2][-]{subsection.4.4}{\376\377\000p\000a\000r\000a\000l\000l\000e\000l\000\137\000f\000o\000r\000\040\136\223\121\205\220\350\214\003\136\246\155\101\172\013}{section.4}% 10
\BOOKMARK [2][-]{subsection.4.5}{\376\377\167\351\226\065\116\130\154\325\126\336\214\003\116\343\170\001\162\107\153\265}{section.4}% 11
\BOOKMARK [2][-]{subsection.4.6}{\376\377\000p\000a\000r\000a\000l\000l\000e\000l\000\137\000f\000o\000r\000\137\000m\000a\000t\000m\000u\000l\000\040\166\204\210\114\126\336\214\003\146\040\134\004\220\073\217\221}{section.4}% 12
\BOOKMARK [1][-]{section.5}{\376\377\121\163\225\056\176\323\147\234\144\130\211\201}{}% 13
\BOOKMARK [1][-]{section.6}{\376\377\133\236\232\214\176\323\147\234\116\016\126\376\210\150\122\006\147\220}{}% 14
\BOOKMARK [2][-]{subsection.6.1}{\376\377\000O\000p\000e\000n\000M\000P\000\040\214\003\136\246\173\126\165\145\153\324\217\203}{section.6}% 15
\BOOKMARK [2][-]{subsection.6.2}{\376\377\000O\000p\000e\000n\000M\000P\000\040\176\323\147\234\122\006\147\220}{section.6}% 16
\BOOKMARK [2][-]{subsection.6.3}{\376\377\000p\000a\000r\000a\000l\000l\000e\000l\000\137\000f\000o\000r\000\040\122\250\140\001\136\223\232\214\213\301}{section.6}% 17
\BOOKMARK [2][-]{subsection.6.4}{\376\377\000p\000a\000r\000a\000l\000l\000e\000l\000\137\000f\000o\000r\000\040\176\323\147\234\122\006\147\220}{section.6}% 18
\BOOKMARK [1][-]{section.7}{\376\377\140\047\200\375\176\323\213\272\154\107\140\073}{}% 19
\BOOKMARK [1][-]{section.8}{\376\377\176\323\213\272}{}% 20
