\BOOKMARK [1][-]{section.1}{\376\377\133\236\232\214\166\356\166\204}{}% 1
\BOOKMARK [1][-]{section.2}{\376\377\133\236\232\214\217\307\172\013\124\214\150\070\137\303\116\343\170\001}{}% 2
\BOOKMARK [2][-]{subsection.2.1}{\376\377\133\236\232\214\136\163\123\360\116\016\163\257\130\203}{section.2}% 3
\BOOKMARK [2][-]{subsection.2.2}{\376\377\173\227\154\325\213\276\213\241}{section.2}% 4
\BOOKMARK [2][-]{subsection.2.3}{\376\377\150\070\137\303\116\343\170\001\162\107\153\265}{section.2}% 5
\BOOKMARK [3][-]{subsubsection.2.3.1}{\376\377\210\114\122\006\127\127\213\241\173\227}{subsection.2.3}% 6
\BOOKMARK [3][-]{subsubsection.2.3.2}{\376\377\167\351\226\065\000\040\000A\000\040\122\006\123\321\377\010\160\271\133\371\160\271\220\032\117\341\377\011}{subsection.2.3}% 7
\BOOKMARK [3][-]{subsubsection.2.3.3}{\376\377\167\351\226\065\000\040\000B\000\040\136\177\144\255}{subsection.2.3}% 8
\BOOKMARK [3][-]{subsubsection.2.3.4}{\376\377\134\100\220\350\167\351\226\065\116\130\154\325}{subsection.2.3}% 9
\BOOKMARK [3][-]{subsubsection.2.3.5}{\376\377\176\323\147\234\145\066\226\306}{subsection.2.3}% 10
\BOOKMARK [2][-]{subsection.2.4}{\376\377\153\143\170\156\140\047\232\214\213\301}{section.2}% 11
\BOOKMARK [1][-]{section.3}{\376\377\133\236\232\214\176\323\147\234}{}% 12
\BOOKMARK [2][-]{subsection.3.1}{\376\377\140\047\200\375\155\113\213\325\210\150\150\074}{section.3}% 13
\BOOKMARK [2][-]{subsection.3.2}{\376\377\122\240\220\037\153\324\122\006\147\220}{section.3}% 14
\BOOKMARK [2][-]{subsection.3.3}{\376\377\123\357\211\306\123\026\176\323\147\234}{section.3}% 15
\BOOKMARK [2][-]{subsection.3.4}{\376\377\176\323\147\234\122\006\147\220}{section.3}% 16
\BOOKMARK [1][-]{section.4}{\376\377\117\030\123\026\145\271\124\021\213\250\213\272}{}% 17
\BOOKMARK [2][-]{subsection.4.1}{\376\377\225\356\230\230\116\000\377\032\121\205\133\130\147\011\226\120\140\305\121\265\116\013\166\204\131\047\211\304\152\041\167\351\226\065\116\130\154\325}{section.4}% 18
\BOOKMARK [2][-]{subsection.4.2}{\376\377\225\356\230\230\116\214\377\032\131\047\211\304\152\041\172\000\165\217\167\351\226\065\116\130\154\325\140\047\200\375\117\030\123\026}{section.4}% 19
\BOOKMARK [1][-]{section.5}{\376\377\133\236\232\214\141\037\140\363}{}% 20
